2015/07/01 05:06:54 [error] [system.db.CDbCommand] CDbCommand::fetchAll() failed: SQLSTATE[42S22]: Column not found: 1054 Unknown column 'id' in 'order clause'. The SQL statement executed was: SELECT * FROM `employee` `t` ORDER BY id.
in C:\wamp\www\opf\protected\models\Loan.php (134)
in C:\wamp\www\opf\protected\views\loan\_form.php (23)
in C:\wamp\www\opf\protected\views\loan\create.php (15)
2015/07/01 05:06:54 [error] [exception.CDbException] exception 'CDbException' with message 'CDbCommand failed to execute the SQL statement: SQLSTATE[42S22]: Column not found: 1054 Unknown column 'id' in 'order clause'. The SQL statement executed was: SELECT * FROM `employee` `t` ORDER BY id' in C:\wamp\www\yii-1.1.9.r3527\framework\db\CDbCommand.php:528
Stack trace:
#0 C:\wamp\www\yii-1.1.9.r3527\framework\db\CDbCommand.php(390): CDbCommand->queryInternal('fetchAll', Array, Array)
#1 C:\wamp\www\yii-1.1.9.r3527\framework\db\ar\CActiveRecord.php(1287): CDbCommand->queryAll()
#2 C:\wamp\www\yii-1.1.9.r3527\framework\db\ar\CActiveRecord.php(1406): CActiveRecord->query(Object(CDbCriteria), true)
#3 C:\wamp\www\opf\protected\models\Loan.php(134): CActiveRecord->findAll(Array)
#4 C:\wamp\www\opf\protected\views\loan\_form.php(23): Loan->getBorrower()
#5 C:\wamp\www\yii-1.1.9.r3527\framework\web\CBaseController.php(127): require('C:\wamp\www\opf...')
#6 C:\wamp\www\yii-1.1.9.r3527\framework\web\CBaseController.php(96): CBaseController->renderInternal('C:\wamp\www\opf...', Array, true)
#7 C:\wamp\www\yii-1.1.9.r3527\framework\web\CController.php(870): CBaseController->renderFile('C:\wamp\www\opf...', Array, true)
#8 C:\wamp\www\opf\protected\views\loan\create.php(15): CController->renderPartial('_form', Array)
#9 C:\wamp\www\yii-1.1.9.r3527\framework\web\CBaseController.php(127): require('C:\wamp\www\opf...')
#10 C:\wamp\www\yii-1.1.9.r3527\framework\web\CBaseController.php(96): CBaseController->renderInternal('C:\wamp\www\opf...', Array, true)
#11 C:\wamp\www\yii-1.1.9.r3527\framework\web\CController.php(870): CBaseController->renderFile('C:\wamp\www\opf...', Array, true)
#12 C:\wamp\www\yii-1.1.9.r3527\framework\web\CController.php(783): CController->renderPartial('create', Array, true)
#13 C:\wamp\www\opf\protected\controllers\LoanController.php(78): CController->render('create', Array)
#14 C:\wamp\www\yii-1.1.9.r3527\framework\web\actions\CInlineAction.php(50): LoanController->actionCreate()
#15 C:\wamp\www\yii-1.1.9.r3527\framework\web\CController.php(309): CInlineAction->runWithParams(Array)
#16 C:\wamp\www\yii-1.1.9.r3527\framework\web\filters\CFilterChain.php(134): CController->runAction(Object(CInlineAction))
#17 C:\wamp\www\yii-1.1.9.r3527\framework\web\filters\CFilter.php(41): CFilterChain->run()
#18 C:\wamp\www\yii-1.1.9.r3527\framework\web\CController.php(1146): CFilter->filter(Object(CFilterChain))
#19 C:\wamp\www\yii-1.1.9.r3527\framework\web\filters\CInlineFilter.php(59): CController->filterAccessControl(Object(CFilterChain))
#20 C:\wamp\www\yii-1.1.9.r3527\framework\web\filters\CFilterChain.php(131): CInlineFilter->filter(Object(CFilterChain))
#21 C:\wamp\www\yii-1.1.9.r3527\framework\web\CController.php(292): CFilterChain->run()
#22 C:\wamp\www\yii-1.1.9.r3527\framework\web\CController.php(266): CController->runActionWithFilters(Object(CInlineAction), Array)
#23 C:\wamp\www\yii-1.1.9.r3527\framework\web\CWebApplication.php(276): CController->run('create')
#24 C:\wamp\www\yii-1.1.9.r3527\framework\web\CWebApplication.php(135): CWebApplication->runController('loan/create')
#25 C:\wamp\www\yii-1.1.9.r3527\framework\base\CApplication.php(162): CWebApplication->processRequest()
#26 C:\wamp\www\opf\index.php(13): CApplication->run()
#27 {main}
REQUEST_URI=/opf/index.php?r=loan/create
HTTP_REFERER=http://localhost/opf/index.php?r=loan
---
2015/07/01 05:07:41 [error] [system.db.CDbCommand] CDbCommand::fetchAll() failed: SQLSTATE[42S22]: Column not found: 1054 Unknown column 'id' in 'order clause'. The SQL statement executed was: SELECT * FROM `employee` `t` ORDER BY id.
in C:\wamp\www\opf\protected\models\Loan.php (134)
in C:\wamp\www\opf\protected\views\loan\_form.php (23)
in C:\wamp\www\opf\protected\views\loan\create.php (15)
2015/07/01 05:07:41 [error] [exception.CDbException] exception 'CDbException' with message 'CDbCommand failed to execute the SQL statement: SQLSTATE[42S22]: Column not found: 1054 Unknown column 'id' in 'order clause'. The SQL statement executed was: SELECT * FROM `employee` `t` ORDER BY id' in C:\wamp\www\yii-1.1.9.r3527\framework\db\CDbCommand.php:528
Stack trace:
#0 C:\wamp\www\yii-1.1.9.r3527\framework\db\CDbCommand.php(390): CDbCommand->queryInternal('fetchAll', Array, Array)
#1 C:\wamp\www\yii-1.1.9.r3527\framework\db\ar\CActiveRecord.php(1287): CDbCommand->queryAll()
#2 C:\wamp\www\yii-1.1.9.r3527\framework\db\ar\CActiveRecord.php(1406): CActiveRecord->query(Object(CDbCriteria), true)
#3 C:\wamp\www\opf\protected\models\Loan.php(134): CActiveRecord->findAll(Array)
#4 C:\wamp\www\opf\protected\views\loan\_form.php(23): Loan->getBorrower()
#5 C:\wamp\www\yii-1.1.9.r3527\framework\web\CBaseController.php(127): require('C:\wamp\www\opf...')
#6 C:\wamp\www\yii-1.1.9.r3527\framework\web\CBaseController.php(96): CBaseController->renderInternal('C:\wamp\www\opf...', Array, true)
#7 C:\wamp\www\yii-1.1.9.r3527\framework\web\CController.php(870): CBaseController->renderFile('C:\wamp\www\opf...', Array, true)
#8 C:\wamp\www\opf\protected\views\loan\create.php(15): CController->renderPartial('_form', Array)
#9 C:\wamp\www\yii-1.1.9.r3527\framework\web\CBaseController.php(127): require('C:\wamp\www\opf...')
#10 C:\wamp\www\yii-1.1.9.r3527\framework\web\CBaseController.php(96): CBaseController->renderInternal('C:\wamp\www\opf...', Array, true)
#11 C:\wamp\www\yii-1.1.9.r3527\framework\web\CController.php(870): CBaseController->renderFile('C:\wamp\www\opf...', Array, true)
#12 C:\wamp\www\yii-1.1.9.r3527\framework\web\CController.php(783): CController->renderPartial('create', Array, true)
#13 C:\wamp\www\opf\protected\controllers\LoanController.php(78): CController->render('create', Array)
#14 C:\wamp\www\yii-1.1.9.r3527\framework\web\actions\CInlineAction.php(50): LoanController->actionCreate()
#15 C:\wamp\www\yii-1.1.9.r3527\framework\web\CController.php(309): CInlineAction->runWithParams(Array)
#16 C:\wamp\www\yii-1.1.9.r3527\framework\web\filters\CFilterChain.php(134): CController->runAction(Object(CInlineAction))
#17 C:\wamp\www\yii-1.1.9.r3527\framework\web\filters\CFilter.php(41): CFilterChain->run()
#18 C:\wamp\www\yii-1.1.9.r3527\framework\web\CController.php(1146): CFilter->filter(Object(CFilterChain))
#19 C:\wamp\www\yii-1.1.9.r3527\framework\web\filters\CInlineFilter.php(59): CController->filterAccessControl(Object(CFilterChain))
#20 C:\wamp\www\yii-1.1.9.r3527\framework\web\filters\CFilterChain.php(131): CInlineFilter->filter(Object(CFilterChain))
#21 C:\wamp\www\yii-1.1.9.r3527\framework\web\CController.php(292): CFilterChain->run()
#22 C:\wamp\www\yii-1.1.9.r3527\framework\web\CController.php(266): CController->runActionWithFilters(Object(CInlineAction), Array)
#23 C:\wamp\www\yii-1.1.9.r3527\framework\web\CWebApplication.php(276): CController->run('create')
#24 C:\wamp\www\yii-1.1.9.r3527\framework\web\CWebApplication.php(135): CWebApplication->runController('loan/create')
#25 C:\wamp\www\yii-1.1.9.r3527\framework\base\CApplication.php(162): CWebApplication->processRequest()
#26 C:\wamp\www\opf\index.php(13): CApplication->run()
#27 {main}
REQUEST_URI=/opf/index.php?r=loan/create
HTTP_REFERER=http://localhost/opf/index.php?r=loan
---
2015/07/01 05:08:04 [error] [system.db.CDbCommand] CDbCommand::fetchAll() failed: SQLSTATE[42S22]: Column not found: 1054 Unknown column 'id' in 'order clause'. The SQL statement executed was: SELECT * FROM `employee` `t` ORDER BY id.
in C:\wamp\www\opf\protected\models\Loan.php (134)
in C:\wamp\www\opf\protected\views\loan\_form.php (23)
in C:\wamp\www\opf\protected\views\loan\create.php (15)
2015/07/01 05:08:04 [error] [exception.CDbException] exception 'CDbException' with message 'CDbCommand failed to execute the SQL statement: SQLSTATE[42S22]: Column not found: 1054 Unknown column 'id' in 'order clause'. The SQL statement executed was: SELECT * FROM `employee` `t` ORDER BY id' in C:\wamp\www\yii-1.1.9.r3527\framework\db\CDbCommand.php:528
Stack trace:
#0 C:\wamp\www\yii-1.1.9.r3527\framework\db\CDbCommand.php(390): CDbCommand->queryInternal('fetchAll', Array, Array)
#1 C:\wamp\www\yii-1.1.9.r3527\framework\db\ar\CActiveRecord.php(1287): CDbCommand->queryAll()
#2 C:\wamp\www\yii-1.1.9.r3527\framework\db\ar\CActiveRecord.php(1406): CActiveRecord->query(Object(CDbCriteria), true)
#3 C:\wamp\www\opf\protected\models\Loan.php(134): CActiveRecord->findAll(Array)
#4 C:\wamp\www\opf\protected\views\loan\_form.php(23): Loan->getBorrower()
#5 C:\wamp\www\yii-1.1.9.r3527\framework\web\CBaseController.php(127): require('C:\wamp\www\opf...')
#6 C:\wamp\www\yii-1.1.9.r3527\framework\web\CBaseController.php(96): CBaseController->renderInternal('C:\wamp\www\opf...', Array, true)
#7 C:\wamp\www\yii-1.1.9.r3527\framework\web\CController.php(870): CBaseController->renderFile('C:\wamp\www\opf...', Array, true)
#8 C:\wamp\www\opf\protected\views\loan\create.php(15): CController->renderPartial('_form', Array)
#9 C:\wamp\www\yii-1.1.9.r3527\framework\web\CBaseController.php(127): require('C:\wamp\www\opf...')
#10 C:\wamp\www\yii-1.1.9.r3527\framework\web\CBaseController.php(96): CBaseController->renderInternal('C:\wamp\www\opf...', Array, true)
#11 C:\wamp\www\yii-1.1.9.r3527\framework\web\CController.php(870): CBaseController->renderFile('C:\wamp\www\opf...', Array, true)
#12 C:\wamp\www\yii-1.1.9.r3527\framework\web\CController.php(783): CController->renderPartial('create', Array, true)
#13 C:\wamp\www\opf\protected\controllers\LoanController.php(78): CController->render('create', Array)
#14 C:\wamp\www\yii-1.1.9.r3527\framework\web\actions\CInlineAction.php(50): LoanController->actionCreate()
#15 C:\wamp\www\yii-1.1.9.r3527\framework\web\CController.php(309): CInlineAction->runWithParams(Array)
#16 C:\wamp\www\yii-1.1.9.r3527\framework\web\filters\CFilterChain.php(134): CController->runAction(Object(CInlineAction))
#17 C:\wamp\www\yii-1.1.9.r3527\framework\web\filters\CFilter.php(41): CFilterChain->run()
#18 C:\wamp\www\yii-1.1.9.r3527\framework\web\CController.php(1146): CFilter->filter(Object(CFilterChain))
#19 C:\wamp\www\yii-1.1.9.r3527\framework\web\filters\CInlineFilter.php(59): CController->filterAccessControl(Object(CFilterChain))
#20 C:\wamp\www\yii-1.1.9.r3527\framework\web\filters\CFilterChain.php(131): CInlineFilter->filter(Object(CFilterChain))
#21 C:\wamp\www\yii-1.1.9.r3527\framework\web\CController.php(292): CFilterChain->run()
#22 C:\wamp\www\yii-1.1.9.r3527\framework\web\CController.php(266): CController->runActionWithFilters(Object(CInlineAction), Array)
#23 C:\wamp\www\yii-1.1.9.r3527\framework\web\CWebApplication.php(276): CController->run('create')
#24 C:\wamp\www\yii-1.1.9.r3527\framework\web\CWebApplication.php(135): CWebApplication->runController('loan/create')
#25 C:\wamp\www\yii-1.1.9.r3527\framework\base\CApplication.php(162): CWebApplication->processRequest()
#26 C:\wamp\www\opf\index.php(13): CApplication->run()
#27 {main}
REQUEST_URI=/opf/index.php?r=loan/create
HTTP_REFERER=http://localhost/opf/index.php?r=loan
---
2015/07/01 05:09:32 [error] [exception.CException] exception 'CException' with message 'Property "Employee.id" is not defined.' in C:\wamp\www\yii-1.1.9.r3527\framework\base\CComponent.php:131
Stack trace:
#0 C:\wamp\www\yii-1.1.9.r3527\framework\db\ar\CActiveRecord.php(144): CComponent->__get('id')
#1 C:\wamp\www\yii-1.1.9.r3527\framework\web\helpers\CHtml.php(1696): CActiveRecord->__get('id')
#2 C:\wamp\www\yii-1.1.9.r3527\framework\web\helpers\CHtml.php(1659): CHtml::value(Object(Employee), 'id')
#3 C:\wamp\www\opf\protected\models\Loan.php(137): CHtml::listData(Array, 'id', 'lastname')
#4 C:\wamp\www\opf\protected\views\loan\_form.php(23): Loan->getBorrower()
#5 C:\wamp\www\yii-1.1.9.r3527\framework\web\CBaseController.php(127): require('C:\wamp\www\opf...')
#6 C:\wamp\www\yii-1.1.9.r3527\framework\web\CBaseController.php(96): CBaseController->renderInternal('C:\wamp\www\opf...', Array, true)
#7 C:\wamp\www\yii-1.1.9.r3527\framework\web\CController.php(870): CBaseController->renderFile('C:\wamp\www\opf...', Array, true)
#8 C:\wamp\www\opf\protected\views\loan\create.php(15): CController->renderPartial('_form', Array)
#9 C:\wamp\www\yii-1.1.9.r3527\framework\web\CBaseController.php(127): require('C:\wamp\www\opf...')
#10 C:\wamp\www\yii-1.1.9.r3527\framework\web\CBaseController.php(96): CBaseController->renderInternal('C:\wamp\www\opf...', Array, true)
#11 C:\wamp\www\yii-1.1.9.r3527\framework\web\CController.php(870): CBaseController->renderFile('C:\wamp\www\opf...', Array, true)
#12 C:\wamp\www\yii-1.1.9.r3527\framework\web\CController.php(783): CController->renderPartial('create', Array, true)
#13 C:\wamp\www\opf\protected\controllers\LoanController.php(78): CController->render('create', Array)
#14 C:\wamp\www\yii-1.1.9.r3527\framework\web\actions\CInlineAction.php(50): LoanController->actionCreate()
#15 C:\wamp\www\yii-1.1.9.r3527\framework\web\CController.php(309): CInlineAction->runWithParams(Array)
#16 C:\wamp\www\yii-1.1.9.r3527\framework\web\filters\CFilterChain.php(134): CController->runAction(Object(CInlineAction))
#17 C:\wamp\www\yii-1.1.9.r3527\framework\web\filters\CFilter.php(41): CFilterChain->run()
#18 C:\wamp\www\yii-1.1.9.r3527\framework\web\CController.php(1146): CFilter->filter(Object(CFilterChain))
#19 C:\wamp\www\yii-1.1.9.r3527\framework\web\filters\CInlineFilter.php(59): CController->filterAccessControl(Object(CFilterChain))
#20 C:\wamp\www\yii-1.1.9.r3527\framework\web\filters\CFilterChain.php(131): CInlineFilter->filter(Object(CFilterChain))
#21 C:\wamp\www\yii-1.1.9.r3527\framework\web\CController.php(292): CFilterChain->run()
#22 C:\wamp\www\yii-1.1.9.r3527\framework\web\CController.php(266): CController->runActionWithFilters(Object(CInlineAction), Array)
#23 C:\wamp\www\yii-1.1.9.r3527\framework\web\CWebApplication.php(276): CController->run('create')
#24 C:\wamp\www\yii-1.1.9.r3527\framework\web\CWebApplication.php(135): CWebApplication->runController('loan/create')
#25 C:\wamp\www\yii-1.1.9.r3527\framework\base\CApplication.php(162): CWebApplication->processRequest()
#26 C:\wamp\www\opf\index.php(13): CApplication->run()
#27 {main}
REQUEST_URI=/opf/index.php?r=loan/create
HTTP_REFERER=http://localhost/opf/index.php?r=loan
---
2015/07/01 05:11:41 [error] [exception.CException] exception 'CException' with message 'Property "Employee.last_name, first_name" is not defined.' in C:\wamp\www\yii-1.1.9.r3527\framework\base\CComponent.php:131
Stack trace:
#0 C:\wamp\www\yii-1.1.9.r3527\framework\db\ar\CActiveRecord.php(144): CComponent->__get('last_name, firs...')
#1 C:\wamp\www\yii-1.1.9.r3527\framework\web\helpers\CHtml.php(1696): CActiveRecord->__get('last_name, firs...')
#2 C:\wamp\www\yii-1.1.9.r3527\framework\web\helpers\CHtml.php(1660): CHtml::value(Object(Employee), 'last_name, firs...')
#3 C:\wamp\www\opf\protected\models\Loan.php(137): CHtml::listData(Array, 'employee_id', 'last_name, firs...')
#4 C:\wamp\www\opf\protected\views\loan\_form.php(23): Loan->getBorrower()
#5 C:\wamp\www\yii-1.1.9.r3527\framework\web\CBaseController.php(127): require('C:\wamp\www\opf...')
#6 C:\wamp\www\yii-1.1.9.r3527\framework\web\CBaseController.php(96): CBaseController->renderInternal('C:\wamp\www\opf...', Array, true)
#7 C:\wamp\www\yii-1.1.9.r3527\framework\web\CController.php(870): CBaseController->renderFile('C:\wamp\www\opf...', Array, true)
#8 C:\wamp\www\opf\protected\views\loan\create.php(15): CController->renderPartial('_form', Array)
#9 C:\wamp\www\yii-1.1.9.r3527\framework\web\CBaseController.php(127): require('C:\wamp\www\opf...')
#10 C:\wamp\www\yii-1.1.9.r3527\framework\web\CBaseController.php(96): CBaseController->renderInternal('C:\wamp\www\opf...', Array, true)
#11 C:\wamp\www\yii-1.1.9.r3527\framework\web\CController.php(870): CBaseController->renderFile('C:\wamp\www\opf...', Array, true)
#12 C:\wamp\www\yii-1.1.9.r3527\framework\web\CController.php(783): CController->renderPartial('create', Array, true)
#13 C:\wamp\www\opf\protected\controllers\LoanController.php(78): CController->render('create', Array)
#14 C:\wamp\www\yii-1.1.9.r3527\framework\web\actions\CInlineAction.php(50): LoanController->actionCreate()
#15 C:\wamp\www\yii-1.1.9.r3527\framework\web\CController.php(309): CInlineAction->runWithParams(Array)
#16 C:\wamp\www\yii-1.1.9.r3527\framework\web\filters\CFilterChain.php(134): CController->runAction(Object(CInlineAction))
#17 C:\wamp\www\yii-1.1.9.r3527\framework\web\filters\CFilter.php(41): CFilterChain->run()
#18 C:\wamp\www\yii-1.1.9.r3527\framework\web\CController.php(1146): CFilter->filter(Object(CFilterChain))
#19 C:\wamp\www\yii-1.1.9.r3527\framework\web\filters\CInlineFilter.php(59): CController->filterAccessControl(Object(CFilterChain))
#20 C:\wamp\www\yii-1.1.9.r3527\framework\web\filters\CFilterChain.php(131): CInlineFilter->filter(Object(CFilterChain))
#21 C:\wamp\www\yii-1.1.9.r3527\framework\web\CController.php(292): CFilterChain->run()
#22 C:\wamp\www\yii-1.1.9.r3527\framework\web\CController.php(266): CController->runActionWithFilters(Object(CInlineAction), Array)
#23 C:\wamp\www\yii-1.1.9.r3527\framework\web\CWebApplication.php(276): CController->run('create')
#24 C:\wamp\www\yii-1.1.9.r3527\framework\web\CWebApplication.php(135): CWebApplication->runController('loan/create')
#25 C:\wamp\www\yii-1.1.9.r3527\framework\base\CApplication.php(162): CWebApplication->processRequest()
#26 C:\wamp\www\opf\index.php(13): CApplication->run()
#27 {main}
REQUEST_URI=/opf/index.php?r=loan/create
HTTP_REFERER=http://localhost/opf/index.php?r=loan
---
2015/07/01 05:12:20 [error] [exception.CException] exception 'CException' with message 'Property "Employee.firstname" is not defined.' in C:\wamp\www\yii-1.1.9.r3527\framework\base\CComponent.php:131
Stack trace:
#0 C:\wamp\www\yii-1.1.9.r3527\framework\db\ar\CActiveRecord.php(144): CComponent->__get('firstname')
#1 C:\wamp\www\yii-1.1.9.r3527\framework\web\helpers\CHtml.php(1696): CActiveRecord->__get('firstname')
#2 C:\wamp\www\yii-1.1.9.r3527\framework\web\helpers\CHtml.php(1668): CHtml::value(Object(Employee), 'firstname')
#3 C:\wamp\www\opf\protected\models\Loan.php(137): CHtml::listData(Array, 'employee_id', 'last_name', 'firstname')
#4 C:\wamp\www\opf\protected\views\loan\_form.php(23): Loan->getBorrower()
#5 C:\wamp\www\yii-1.1.9.r3527\framework\web\CBaseController.php(127): require('C:\wamp\www\opf...')
#6 C:\wamp\www\yii-1.1.9.r3527\framework\web\CBaseController.php(96): CBaseController->renderInternal('C:\wamp\www\opf...', Array, true)
#7 C:\wamp\www\yii-1.1.9.r3527\framework\web\CController.php(870): CBaseController->renderFile('C:\wamp\www\opf...', Array, true)
#8 C:\wamp\www\opf\protected\views\loan\create.php(15): CController->renderPartial('_form', Array)
#9 C:\wamp\www\yii-1.1.9.r3527\framework\web\CBaseController.php(127): require('C:\wamp\www\opf...')
#10 C:\wamp\www\yii-1.1.9.r3527\framework\web\CBaseController.php(96): CBaseController->renderInternal('C:\wamp\www\opf...', Array, true)
#11 C:\wamp\www\yii-1.1.9.r3527\framework\web\CController.php(870): CBaseController->renderFile('C:\wamp\www\opf...', Array, true)
#12 C:\wamp\www\yii-1.1.9.r3527\framework\web\CController.php(783): CController->renderPartial('create', Array, true)
#13 C:\wamp\www\opf\protected\controllers\LoanController.php(78): CController->render('create', Array)
#14 C:\wamp\www\yii-1.1.9.r3527\framework\web\actions\CInlineAction.php(50): LoanController->actionCreate()
#15 C:\wamp\www\yii-1.1.9.r3527\framework\web\CController.php(309): CInlineAction->runWithParams(Array)
#16 C:\wamp\www\yii-1.1.9.r3527\framework\web\filters\CFilterChain.php(134): CController->runAction(Object(CInlineAction))
#17 C:\wamp\www\yii-1.1.9.r3527\framework\web\filters\CFilter.php(41): CFilterChain->run()
#18 C:\wamp\www\yii-1.1.9.r3527\framework\web\CController.php(1146): CFilter->filter(Object(CFilterChain))
#19 C:\wamp\www\yii-1.1.9.r3527\framework\web\filters\CInlineFilter.php(59): CController->filterAccessControl(Object(CFilterChain))
#20 C:\wamp\www\yii-1.1.9.r3527\framework\web\filters\CFilterChain.php(131): CInlineFilter->filter(Object(CFilterChain))
#21 C:\wamp\www\yii-1.1.9.r3527\framework\web\CController.php(292): CFilterChain->run()
#22 C:\wamp\www\yii-1.1.9.r3527\framework\web\CController.php(266): CController->runActionWithFilters(Object(CInlineAction), Array)
#23 C:\wamp\www\yii-1.1.9.r3527\framework\web\CWebApplication.php(276): CController->run('create')
#24 C:\wamp\www\yii-1.1.9.r3527\framework\web\CWebApplication.php(135): CWebApplication->runController('loan/create')
#25 C:\wamp\www\yii-1.1.9.r3527\framework\base\CApplication.php(162): CWebApplication->processRequest()
#26 C:\wamp\www\opf\index.php(13): CApplication->run()
#27 {main}
REQUEST_URI=/opf/index.php?r=loan/create
HTTP_REFERER=http://localhost/opf/index.php?r=loan
---
2015/07/01 05:16:27 [warning] [application] Failed to set unsafe attribute "id" of "Loan".
in C:\wamp\www\opf\protected\controllers\LoanController.php (71)
in C:\wamp\www\opf\index.php (13)
2015/07/01 05:17:48 [warning] [application] Failed to set unsafe attribute "id" of "Loan".
in C:\wamp\www\opf\protected\controllers\LoanController.php (71)
in C:\wamp\www\opf\index.php (13)
2015/07/02 06:26:44 [error] [exception.CException] exception 'CException' with message 'Property "Employee.last_name,first_name" is not defined.' in C:\wamp\www\yii-1.1.9.r3527\framework\base\CComponent.php:131
Stack trace:
#0 C:\wamp\www\yii-1.1.9.r3527\framework\db\ar\CActiveRecord.php(144): CComponent->__get('last_name,first...')
#1 C:\wamp\www\yii-1.1.9.r3527\framework\web\helpers\CHtml.php(1696): CActiveRecord->__get('last_name,first...')
#2 C:\wamp\www\yii-1.1.9.r3527\framework\web\helpers\CHtml.php(1660): CHtml::value(Object(Employee), 'last_name,first...')
#3 C:\wamp\www\opf\protected\models\Loan.php(137): CHtml::listData(Array, 'employee_id', 'last_name,first...')
#4 C:\wamp\www\opf\protected\views\loan\_form.php(23): Loan->getBorrower()
#5 C:\wamp\www\yii-1.1.9.r3527\framework\web\CBaseController.php(127): require('C:\wamp\www\opf...')
#6 C:\wamp\www\yii-1.1.9.r3527\framework\web\CBaseController.php(96): CBaseController->renderInternal('C:\wamp\www\opf...', Array, true)
#7 C:\wamp\www\yii-1.1.9.r3527\framework\web\CController.php(870): CBaseController->renderFile('C:\wamp\www\opf...', Array, true)
#8 C:\wamp\www\opf\protected\views\loan\create.php(15): CController->renderPartial('_form', Array)
#9 C:\wamp\www\yii-1.1.9.r3527\framework\web\CBaseController.php(127): require('C:\wamp\www\opf...')
#10 C:\wamp\www\yii-1.1.9.r3527\framework\web\CBaseController.php(96): CBaseController->renderInternal('C:\wamp\www\opf...', Array, true)
#11 C:\wamp\www\yii-1.1.9.r3527\framework\web\CController.php(870): CBaseController->renderFile('C:\wamp\www\opf...', Array, true)
#12 C:\wamp\www\yii-1.1.9.r3527\framework\web\CController.php(783): CController->renderPartial('create', Array, true)
#13 C:\wamp\www\opf\protected\controllers\LoanController.php(78): CController->render('create', Array)
#14 C:\wamp\www\yii-1.1.9.r3527\framework\web\actions\CInlineAction.php(50): LoanController->actionCreate()
#15 C:\wamp\www\yii-1.1.9.r3527\framework\web\CController.php(309): CInlineAction->runWithParams(Array)
#16 C:\wamp\www\yii-1.1.9.r3527\framework\web\filters\CFilterChain.php(134): CController->runAction(Object(CInlineAction))
#17 C:\wamp\www\yii-1.1.9.r3527\framework\web\filters\CFilter.php(41): CFilterChain->run()
#18 C:\wamp\www\yii-1.1.9.r3527\framework\web\CController.php(1146): CFilter->filter(Object(CFilterChain))
#19 C:\wamp\www\yii-1.1.9.r3527\framework\web\filters\CInlineFilter.php(59): CController->filterAccessControl(Object(CFilterChain))
#20 C:\wamp\www\yii-1.1.9.r3527\framework\web\filters\CFilterChain.php(131): CInlineFilter->filter(Object(CFilterChain))
#21 C:\wamp\www\yii-1.1.9.r3527\framework\web\CController.php(292): CFilterChain->run()
#22 C:\wamp\www\yii-1.1.9.r3527\framework\web\CController.php(266): CController->runActionWithFilters(Object(CInlineAction), Array)
#23 C:\wamp\www\yii-1.1.9.r3527\framework\web\CWebApplication.php(276): CController->run('create')
#24 C:\wamp\www\yii-1.1.9.r3527\framework\web\CWebApplication.php(135): CWebApplication->runController('loan/create')
#25 C:\wamp\www\yii-1.1.9.r3527\framework\base\CApplication.php(162): CWebApplication->processRequest()
#26 C:\wamp\www\opf\index.php(13): CApplication->run()
#27 {main}
REQUEST_URI=/opf/index.php?r=loan/create
HTTP_REFERER=http://localhost/opf/index.php?r=loan/view&id=1
---
2015/07/02 07:07:30 [error] [php] explode() expects parameter 2 to be string, array given (C:\wamp\www\yii-1.1.9.r3527\framework\web\helpers\CHtml.php:1693)
Stack trace:
#0 C:\wamp\www\opf\protected\models\Loan.php(137): listData()
#1 C:\wamp\www\opf\protected\views\loan\_form.php(23): Loan->getBorrower()
#2 C:\wamp\www\yii-1.1.9.r3527\framework\web\CBaseController.php(127): require()
#3 C:\wamp\www\yii-1.1.9.r3527\framework\web\CBaseController.php(96): LoanController->renderInternal()
#4 C:\wamp\www\yii-1.1.9.r3527\framework\web\CController.php(870): LoanController->renderFile()
#5 C:\wamp\www\opf\protected\views\loan\create.php(15): LoanController->renderPartial()
#6 C:\wamp\www\yii-1.1.9.r3527\framework\web\CBaseController.php(127): require()
#7 C:\wamp\www\yii-1.1.9.r3527\framework\web\CBaseController.php(96): LoanController->renderInternal()
#8 C:\wamp\www\yii-1.1.9.r3527\framework\web\CController.php(870): LoanController->renderFile()
#9 C:\wamp\www\yii-1.1.9.r3527\framework\web\CController.php(783): LoanController->renderPartial()
#10 C:\wamp\www\opf\protected\controllers\LoanController.php(78): LoanController->render()
#11 C:\wamp\www\yii-1.1.9.r3527\framework\web\actions\CInlineAction.php(50): LoanController->actionCreate()
#12 C:\wamp\www\yii-1.1.9.r3527\framework\web\CController.php(309): CInlineAction->runWithParams()
#13 C:\wamp\www\yii-1.1.9.r3527\framework\web\filters\CFilterChain.php(134): LoanController->runAction()
#14 C:\wamp\www\yii-1.1.9.r3527\framework\web\filters\CFilter.php(41): CFilterChain->run()
#15 C:\wamp\www\yii-1.1.9.r3527\framework\web\CController.php(1146): CAccessControlFilter->filter()
#16 C:\wamp\www\yii-1.1.9.r3527\framework\web\filters\CInlineFilter.php(59): LoanController->filterAccessControl()
#17 C:\wamp\www\yii-1.1.9.r3527\framework\web\filters\CFilterChain.php(131): CInlineFilter->filter()
#18 C:\wamp\www\yii-1.1.9.r3527\framework\web\CController.php(292): CFilterChain->run()
#19 C:\wamp\www\yii-1.1.9.r3527\framework\web\CController.php(266): LoanController->runActionWithFilters()
#20 C:\wamp\www\yii-1.1.9.r3527\framework\web\CWebApplication.php(276): LoanController->run()
#21 C:\wamp\www\yii-1.1.9.r3527\framework\web\CWebApplication.php(135): CWebApplication->runController()
#22 C:\wamp\www\yii-1.1.9.r3527\framework\base\CApplication.php(162): CWebApplication->processRequest()
#23 C:\wamp\www\opf\index.php(13): CWebApplication->run()
REQUEST_URI=/opf/index.php?r=loan/create
in C:\wamp\www\opf\protected\models\Loan.php (137)
in C:\wamp\www\opf\protected\views\loan\_form.php (23)
in C:\wamp\www\opf\protected\views\loan\create.php (15)
2015/07/02 08:04:17 [error] [exception.CException] exception 'CException' with message 'Property "Employee.fullname" is not defined.' in C:\wamp\www\yii-1.1.9.r3527\framework\base\CComponent.php:131
Stack trace:
#0 C:\wamp\www\yii-1.1.9.r3527\framework\db\ar\CActiveRecord.php(144): CComponent->__get('fullname')
#1 C:\wamp\www\yii-1.1.9.r3527\framework\web\helpers\CHtml.php(1696): CActiveRecord->__get('fullname')
#2 C:\wamp\www\yii-1.1.9.r3527\framework\web\helpers\CHtml.php(1660): CHtml::value(Object(Employee), 'fullname')
#3 C:\wamp\www\opf\protected\models\Loan.php(141): CHtml::listData(Array, 'employee_id', 'fullname')
#4 C:\wamp\www\opf\protected\views\loan\_form.php(23): Loan->getBorrower()
#5 C:\wamp\www\yii-1.1.9.r3527\framework\web\CBaseController.php(127): require('C:\wamp\www\opf...')
#6 C:\wamp\www\yii-1.1.9.r3527\framework\web\CBaseController.php(96): CBaseController->renderInternal('C:\wamp\www\opf...', Array, true)
#7 C:\wamp\www\yii-1.1.9.r3527\framework\web\CController.php(870): CBaseController->renderFile('C:\wamp\www\opf...', Array, true)
#8 C:\wamp\www\opf\protected\views\loan\create.php(15): CController->renderPartial('_form', Array)
#9 C:\wamp\www\yii-1.1.9.r3527\framework\web\CBaseController.php(127): require('C:\wamp\www\opf...')
#10 C:\wamp\www\yii-1.1.9.r3527\framework\web\CBaseController.php(96): CBaseController->renderInternal('C:\wamp\www\opf...', Array, true)
#11 C:\wamp\www\yii-1.1.9.r3527\framework\web\CController.php(870): CBaseController->renderFile('C:\wamp\www\opf...', Array, true)
#12 C:\wamp\www\yii-1.1.9.r3527\framework\web\CController.php(783): CController->renderPartial('create', Array, true)
#13 C:\wamp\www\opf\protected\controllers\LoanController.php(78): CController->render('create', Array)
#14 C:\wamp\www\yii-1.1.9.r3527\framework\web\actions\CInlineAction.php(50): LoanController->actionCreate()
#15 C:\wamp\www\yii-1.1.9.r3527\framework\web\CController.php(309): CInlineAction->runWithParams(Array)
#16 C:\wamp\www\yii-1.1.9.r3527\framework\web\filters\CFilterChain.php(134): CController->runAction(Object(CInlineAction))
#17 C:\wamp\www\yii-1.1.9.r3527\framework\web\filters\CFilter.php(41): CFilterChain->run()
#18 C:\wamp\www\yii-1.1.9.r3527\framework\web\CController.php(1146): CFilter->filter(Object(CFilterChain))
#19 C:\wamp\www\yii-1.1.9.r3527\framework\web\filters\CInlineFilter.php(59): CController->filterAccessControl(Object(CFilterChain))
#20 C:\wamp\www\yii-1.1.9.r3527\framework\web\filters\CFilterChain.php(131): CInlineFilter->filter(Object(CFilterChain))
#21 C:\wamp\www\yii-1.1.9.r3527\framework\web\CController.php(292): CFilterChain->run()
#22 C:\wamp\www\yii-1.1.9.r3527\framework\web\CController.php(266): CController->runActionWithFilters(Object(CInlineAction), Array)
#23 C:\wamp\www\yii-1.1.9.r3527\framework\web\CWebApplication.php(276): CController->run('create')
#24 C:\wamp\www\yii-1.1.9.r3527\framework\web\CWebApplication.php(135): CWebApplication->runController('loan/create')
#25 C:\wamp\www\yii-1.1.9.r3527\framework\base\CApplication.php(162): CWebApplication->processRequest()
#26 C:\wamp\www\opf\index.php(13): CApplication->run()
#27 {main}
REQUEST_URI=/opf/index.php?r=loan/create
HTTP_REFERER=http://localhost/opf/index.php?r=site/login
---
2015/07/02 08:05:30 [error] [php] Object of class Employee could not be converted to string (C:\wamp\www\opf\protected\models\Employee.php:197)
Stack trace:
#0 C:\wamp\www\yii-1.1.9.r3527\framework\web\helpers\CHtml.php(1696): Employee->__get()
#1 C:\wamp\www\yii-1.1.9.r3527\framework\web\helpers\CHtml.php(1660): value()
#2 C:\wamp\www\opf\protected\models\Loan.php(139): listData()
#3 C:\wamp\www\opf\protected\views\loan\_form.php(23): Loan->getBorrower()
#4 C:\wamp\www\yii-1.1.9.r3527\framework\web\CBaseController.php(127): require()
#5 C:\wamp\www\yii-1.1.9.r3527\framework\web\CBaseController.php(96): LoanController->renderInternal()
#6 C:\wamp\www\yii-1.1.9.r3527\framework\web\CController.php(870): LoanController->renderFile()
#7 C:\wamp\www\opf\protected\views\loan\create.php(15): LoanController->renderPartial()
#8 C:\wamp\www\yii-1.1.9.r3527\framework\web\CBaseController.php(127): require()
#9 C:\wamp\www\yii-1.1.9.r3527\framework\web\CBaseController.php(96): LoanController->renderInternal()
#10 C:\wamp\www\yii-1.1.9.r3527\framework\web\CController.php(870): LoanController->renderFile()
#11 C:\wamp\www\yii-1.1.9.r3527\framework\web\CController.php(783): LoanController->renderPartial()
#12 C:\wamp\www\opf\protected\controllers\LoanController.php(78): LoanController->render()
#13 C:\wamp\www\yii-1.1.9.r3527\framework\web\actions\CInlineAction.php(50): LoanController->actionCreate()
#14 C:\wamp\www\yii-1.1.9.r3527\framework\web\CController.php(309): CInlineAction->runWithParams()
#15 C:\wamp\www\yii-1.1.9.r3527\framework\web\filters\CFilterChain.php(134): LoanController->runAction()
#16 C:\wamp\www\yii-1.1.9.r3527\framework\web\filters\CFilter.php(41): CFilterChain->run()
#17 C:\wamp\www\yii-1.1.9.r3527\framework\web\CController.php(1146): CAccessControlFilter->filter()
#18 C:\wamp\www\yii-1.1.9.r3527\framework\web\filters\CInlineFilter.php(59): LoanController->filterAccessControl()
#19 C:\wamp\www\yii-1.1.9.r3527\framework\web\filters\CFilterChain.php(131): CInlineFilter->filter()
#20 C:\wamp\www\yii-1.1.9.r3527\framework\web\CController.php(292): CFilterChain->run()
#21 C:\wamp\www\yii-1.1.9.r3527\framework\web\CController.php(266): LoanController->runActionWithFilters()
#22 C:\wamp\www\yii-1.1.9.r3527\framework\web\CWebApplication.php(276): LoanController->run()
#23 C:\wamp\www\yii-1.1.9.r3527\framework\web\CWebApplication.php(135): CWebApplication->runController()
#24 C:\wamp\www\yii-1.1.9.r3527\framework\base\CApplication.php(162): CWebApplication->processRequest()
#25 C:\wamp\www\opf\index.php(13): CWebApplication->run()
REQUEST_URI=/opf/index.php?r=loan/create
in C:\wamp\www\opf\protected\models\Employee.php (197)
in C:\wamp\www\opf\protected\models\Loan.php (139)
in C:\wamp\www\opf\protected\views\loan\_form.php (23)
2015/07/02 08:06:08 [error] [php] Object of class Employee could not be converted to string (C:\wamp\www\opf\protected\models\Employee.php:197)
Stack trace:
#0 C:\wamp\www\yii-1.1.9.r3527\framework\web\helpers\CHtml.php(1696): Employee->__get()
#1 C:\wamp\www\yii-1.1.9.r3527\framework\web\helpers\CHtml.php(1660): value()
#2 C:\wamp\www\opf\protected\models\Loan.php(139): listData()
#3 C:\wamp\www\opf\protected\views\loan\_form.php(23): Loan->getBorrower()
#4 C:\wamp\www\yii-1.1.9.r3527\framework\web\CBaseController.php(127): require()
#5 C:\wamp\www\yii-1.1.9.r3527\framework\web\CBaseController.php(96): LoanController->renderInternal()
#6 C:\wamp\www\yii-1.1.9.r3527\framework\web\CController.php(870): LoanController->renderFile()
#7 C:\wamp\www\opf\protected\views\loan\create.php(15): LoanController->renderPartial()
#8 C:\wamp\www\yii-1.1.9.r3527\framework\web\CBaseController.php(127): require()
#9 C:\wamp\www\yii-1.1.9.r3527\framework\web\CBaseController.php(96): LoanController->renderInternal()
#10 C:\wamp\www\yii-1.1.9.r3527\framework\web\CController.php(870): LoanController->renderFile()
#11 C:\wamp\www\yii-1.1.9.r3527\framework\web\CController.php(783): LoanController->renderPartial()
#12 C:\wamp\www\opf\protected\controllers\LoanController.php(78): LoanController->render()
#13 C:\wamp\www\yii-1.1.9.r3527\framework\web\actions\CInlineAction.php(50): LoanController->actionCreate()
#14 C:\wamp\www\yii-1.1.9.r3527\framework\web\CController.php(309): CInlineAction->runWithParams()
#15 C:\wamp\www\yii-1.1.9.r3527\framework\web\filters\CFilterChain.php(134): LoanController->runAction()
#16 C:\wamp\www\yii-1.1.9.r3527\framework\web\filters\CFilter.php(41): CFilterChain->run()
#17 C:\wamp\www\yii-1.1.9.r3527\framework\web\CController.php(1146): CAccessControlFilter->filter()
#18 C:\wamp\www\yii-1.1.9.r3527\framework\web\filters\CInlineFilter.php(59): LoanController->filterAccessControl()
#19 C:\wamp\www\yii-1.1.9.r3527\framework\web\filters\CFilterChain.php(131): CInlineFilter->filter()
#20 C:\wamp\www\yii-1.1.9.r3527\framework\web\CController.php(292): CFilterChain->run()
#21 C:\wamp\www\yii-1.1.9.r3527\framework\web\CController.php(266): LoanController->runActionWithFilters()
#22 C:\wamp\www\yii-1.1.9.r3527\framework\web\CWebApplication.php(276): LoanController->run()
#23 C:\wamp\www\yii-1.1.9.r3527\framework\web\CWebApplication.php(135): CWebApplication->runController()
#24 C:\wamp\www\yii-1.1.9.r3527\framework\base\CApplication.php(162): CWebApplication->processRequest()
#25 C:\wamp\www\opf\index.php(13): CWebApplication->run()
REQUEST_URI=/opf/index.php?r=loan/create
in C:\wamp\www\opf\protected\models\Employee.php (197)
in C:\wamp\www\opf\protected\models\Loan.php (139)
in C:\wamp\www\opf\protected\views\loan\_form.php (23)
2015/07/02 08:06:55 [error] [php] Object of class Employee could not be converted to string (C:\wamp\www\opf\protected\models\Employee.php:197)
Stack trace:
#0 C:\wamp\www\yii-1.1.9.r3527\framework\web\helpers\CHtml.php(1696): Employee->__get()
#1 C:\wamp\www\yii-1.1.9.r3527\framework\web\helpers\CHtml.php(1660): value()
#2 C:\wamp\www\opf\protected\models\Loan.php(139): listData()
#3 C:\wamp\www\opf\protected\views\loan\_form.php(23): Loan->getBorrower()
#4 C:\wamp\www\yii-1.1.9.r3527\framework\web\CBaseController.php(127): require()
#5 C:\wamp\www\yii-1.1.9.r3527\framework\web\CBaseController.php(96): LoanController->renderInternal()
#6 C:\wamp\www\yii-1.1.9.r3527\framework\web\CController.php(870): LoanController->renderFile()
#7 C:\wamp\www\opf\protected\views\loan\create.php(15): LoanController->renderPartial()
#8 C:\wamp\www\yii-1.1.9.r3527\framework\web\CBaseController.php(127): require()
#9 C:\wamp\www\yii-1.1.9.r3527\framework\web\CBaseController.php(96): LoanController->renderInternal()
#10 C:\wamp\www\yii-1.1.9.r3527\framework\web\CController.php(870): LoanController->renderFile()
#11 C:\wamp\www\yii-1.1.9.r3527\framework\web\CController.php(783): LoanController->renderPartial()
#12 C:\wamp\www\opf\protected\controllers\LoanController.php(78): LoanController->render()
#13 C:\wamp\www\yii-1.1.9.r3527\framework\web\actions\CInlineAction.php(50): LoanController->actionCreate()
#14 C:\wamp\www\yii-1.1.9.r3527\framework\web\CController.php(309): CInlineAction->runWithParams()
#15 C:\wamp\www\yii-1.1.9.r3527\framework\web\filters\CFilterChain.php(134): LoanController->runAction()
#16 C:\wamp\www\yii-1.1.9.r3527\framework\web\filters\CFilter.php(41): CFilterChain->run()
#17 C:\wamp\www\yii-1.1.9.r3527\framework\web\CController.php(1146): CAccessControlFilter->filter()
#18 C:\wamp\www\yii-1.1.9.r3527\framework\web\filters\CInlineFilter.php(59): LoanController->filterAccessControl()
#19 C:\wamp\www\yii-1.1.9.r3527\framework\web\filters\CFilterChain.php(131): CInlineFilter->filter()
#20 C:\wamp\www\yii-1.1.9.r3527\framework\web\CController.php(292): CFilterChain->run()
#21 C:\wamp\www\yii-1.1.9.r3527\framework\web\CController.php(266): LoanController->runActionWithFilters()
#22 C:\wamp\www\yii-1.1.9.r3527\framework\web\CWebApplication.php(276): LoanController->run()
#23 C:\wamp\www\yii-1.1.9.r3527\framework\web\CWebApplication.php(135): CWebApplication->runController()
#24 C:\wamp\www\yii-1.1.9.r3527\framework\base\CApplication.php(162): CWebApplication->processRequest()
#25 C:\wamp\www\opf\index.php(13): CWebApplication->run()
REQUEST_URI=/opf/index.php?r=loan/create
in C:\wamp\www\opf\protected\models\Employee.php (197)
in C:\wamp\www\opf\protected\models\Loan.php (139)
in C:\wamp\www\opf\protected\views\loan\_form.php (23)
2015/07/02 08:10:05 [error] [php] Object of class Employee could not be converted to string (C:\wamp\www\opf\protected\models\Employee.php:197)
Stack trace:
#0 C:\wamp\www\yii-1.1.9.r3527\framework\web\helpers\CHtml.php(1696): Employee->__get()
#1 C:\wamp\www\yii-1.1.9.r3527\framework\web\helpers\CHtml.php(1660): value()
#2 C:\wamp\www\opf\protected\models\Loan.php(139): listData()
#3 C:\wamp\www\opf\protected\views\loan\_form.php(23): Loan->getBorrower()
#4 C:\wamp\www\yii-1.1.9.r3527\framework\web\CBaseController.php(127): require()
#5 C:\wamp\www\yii-1.1.9.r3527\framework\web\CBaseController.php(96): LoanController->renderInternal()
#6 C:\wamp\www\yii-1.1.9.r3527\framework\web\CController.php(870): LoanController->renderFile()
#7 C:\wamp\www\opf\protected\views\loan\create.php(15): LoanController->renderPartial()
#8 C:\wamp\www\yii-1.1.9.r3527\framework\web\CBaseController.php(127): require()
#9 C:\wamp\www\yii-1.1.9.r3527\framework\web\CBaseController.php(96): LoanController->renderInternal()
#10 C:\wamp\www\yii-1.1.9.r3527\framework\web\CController.php(870): LoanController->renderFile()
#11 C:\wamp\www\yii-1.1.9.r3527\framework\web\CController.php(783): LoanController->renderPartial()
#12 C:\wamp\www\opf\protected\controllers\LoanController.php(78): LoanController->render()
#13 C:\wamp\www\yii-1.1.9.r3527\framework\web\actions\CInlineAction.php(50): LoanController->actionCreate()
#14 C:\wamp\www\yii-1.1.9.r3527\framework\web\CController.php(309): CInlineAction->runWithParams()
#15 C:\wamp\www\yii-1.1.9.r3527\framework\web\filters\CFilterChain.php(134): LoanController->runAction()
#16 C:\wamp\www\yii-1.1.9.r3527\framework\web\filters\CFilter.php(41): CFilterChain->run()
#17 C:\wamp\www\yii-1.1.9.r3527\framework\web\CController.php(1146): CAccessControlFilter->filter()
#18 C:\wamp\www\yii-1.1.9.r3527\framework\web\filters\CInlineFilter.php(59): LoanController->filterAccessControl()
#19 C:\wamp\www\yii-1.1.9.r3527\framework\web\filters\CFilterChain.php(131): CInlineFilter->filter()
#20 C:\wamp\www\yii-1.1.9.r3527\framework\web\CController.php(292): CFilterChain->run()
#21 C:\wamp\www\yii-1.1.9.r3527\framework\web\CController.php(266): LoanController->runActionWithFilters()
#22 C:\wamp\www\yii-1.1.9.r3527\framework\web\CWebApplication.php(276): LoanController->run()
#23 C:\wamp\www\yii-1.1.9.r3527\framework\web\CWebApplication.php(135): CWebApplication->runController()
#24 C:\wamp\www\yii-1.1.9.r3527\framework\base\CApplication.php(162): CWebApplication->processRequest()
#25 C:\wamp\www\opf\index.php(13): CWebApplication->run()
REQUEST_URI=/opf/index.php?r=loan/create
in C:\wamp\www\opf\protected\models\Employee.php (197)
in C:\wamp\www\opf\protected\models\Loan.php (139)
in C:\wamp\www\opf\protected\views\loan\_form.php (23)
